2020-08-31 15:23:22.477 [main] INFO  l.c.p.PropertyvalueannationApplication - Starting PropertyvalueannationApplication on DESKTOP-D83TP34 with PID 28592 (E:\Programs\Java\java-note\propertyvalueannation\target\classes started by lelan in E:\Programs\Java\java-note)
2020-08-31 15:23:22.481 [main] INFO  l.c.p.PropertyvalueannationApplication - No active profile set, falling back to default profiles: default
2020-08-31 15:23:23.819 [main] INFO  o.s.boot.web.embedded.tomcat.TomcatWebServer - Tomcat initialized with port(s): 8081 (http)
2020-08-31 15:23:23.838 [main] INFO  org.apache.catalina.core.StandardService - Starting service [Tomcat]
2020-08-31 15:23:23.839 [main] INFO  org.apache.catalina.core.StandardEngine - Starting Servlet engine: [Apache Tomcat/9.0.37]
2020-08-31 15:23:23.842 [main] INFO  org.apache.catalina.core.AprLifecycleListener - Loaded Apache Tomcat Native library [1.2.23] using APR version [1.7.0].
2020-08-31 15:23:23.842 [main] INFO  org.apache.catalina.core.AprLifecycleListener - APR capabilities: IPv6 [true], sendfile [true], accept filters [false], random [true].
2020-08-31 15:23:23.843 [main] INFO  org.apache.catalina.core.AprLifecycleListener - APR/OpenSSL configuration: useAprConnector [false], useOpenSSL [true]
2020-08-31 15:23:23.882 [main] INFO  org.apache.catalina.core.AprLifecycleListener - OpenSSL successfully initialized [OpenSSL 1.1.1c  28 May 2019]
2020-08-31 15:23:24.080 [main] INFO  o.a.c.core.ContainerBase.[Tomcat].[localhost].[/] - Initializing Spring embedded WebApplicationContext
2020-08-31 15:23:24.081 [main] INFO  o.s.b.w.s.c.ServletWebServerApplicationContext - Root WebApplicationContext: initialization completed in 1532 ms
2020-08-31 15:23:24.393 [main] INFO  o.s.scheduling.concurrent.ThreadPoolTaskExecutor - Initializing ExecutorService 'applicationTaskExecutor'
2020-08-31 15:23:24.663 [main] INFO  o.s.boot.web.embedded.tomcat.TomcatWebServer - Tomcat started on port(s): 8081 (http) with context path ''
2020-08-31 15:23:24.678 [main] INFO  l.c.p.PropertyvalueannationApplication - Started PropertyvalueannationApplication in 2.964 seconds (JVM running for 4.112)
2020-08-31 15:23:47.258 [main] INFO  l.c.p.PropertyvalueannationApplication - Starting PropertyvalueannationApplication on DESKTOP-D83TP34 with PID 12164 (E:\Programs\Java\java-note\propertyvalueannation\target\classes started by lelan in E:\Programs\Java\java-note)
2020-08-31 15:23:47.263 [main] INFO  l.c.p.PropertyvalueannationApplication - No active profile set, falling back to default profiles: default
2020-08-31 15:23:48.454 [main] INFO  o.s.boot.web.embedded.tomcat.TomcatWebServer - Tomcat initialized with port(s): 8081 (http)
2020-08-31 15:23:48.467 [main] INFO  org.apache.catalina.core.StandardService - Starting service [Tomcat]
2020-08-31 15:23:48.467 [main] INFO  org.apache.catalina.core.StandardEngine - Starting Servlet engine: [Apache Tomcat/9.0.37]
2020-08-31 15:23:48.469 [main] INFO  org.apache.catalina.core.AprLifecycleListener - Loaded Apache Tomcat Native library [1.2.23] using APR version [1.7.0].
2020-08-31 15:23:48.469 [main] INFO  org.apache.catalina.core.AprLifecycleListener - APR capabilities: IPv6 [true], sendfile [true], accept filters [false], random [true].
2020-08-31 15:23:48.470 [main] INFO  org.apache.catalina.core.AprLifecycleListener - APR/OpenSSL configuration: useAprConnector [false], useOpenSSL [true]
2020-08-31 15:23:48.475 [main] INFO  org.apache.catalina.core.AprLifecycleListener - OpenSSL successfully initialized [OpenSSL 1.1.1c  28 May 2019]
2020-08-31 15:23:48.685 [main] INFO  o.a.c.core.ContainerBase.[Tomcat].[localhost].[/] - Initializing Spring embedded WebApplicationContext
2020-08-31 15:23:48.686 [main] INFO  o.s.b.w.s.c.ServletWebServerApplicationContext - Root WebApplicationContext: initialization completed in 1360 ms
2020-08-31 15:23:48.958 [main] INFO  o.s.scheduling.concurrent.ThreadPoolTaskExecutor - Initializing ExecutorService 'applicationTaskExecutor'
2020-08-31 15:23:49.173 [main] INFO  o.s.boot.web.embedded.tomcat.TomcatWebServer - Tomcat started on port(s): 8081 (http) with context path ''
2020-08-31 15:23:49.186 [main] INFO  l.c.p.PropertyvalueannationApplication - Started PropertyvalueannationApplication in 2.619 seconds (JVM running for 3.851)
2020-08-31 15:23:54.346 [RMI TCP Accept-0] WARN  sun.rmi.transport.tcp - RMI TCP Accept-0: accept loop for ServerSocket[addr=0.0.0.0/0.0.0.0,localport=64525] throws
java.io.IOException: The server sockets created using the LocalRMIServerSocketFactory only accept connections from clients running on the host where the RMI remote objects have been exported.
	at sun.management.jmxremote.LocalRMIServerSocketFactory$1.accept(LocalRMIServerSocketFactory.java:114)
	at sun.rmi.transport.tcp.TCPTransport$AcceptLoop.executeAcceptLoop(TCPTransport.java:400)
	at sun.rmi.transport.tcp.TCPTransport$AcceptLoop.run(TCPTransport.java:372)
	at java.lang.Thread.run(Thread.java:748)
